<?xml version="1.0" encoding="UTF-8"?>
<!-- Generated by org.testng.reporters.JUnitReportReporter -->
<testsuite hostname="DESKTOP-N4D8I24" failures="0" tests="1" name="testcase.TC_002_LoginTest" time="1.162" errors="0" timestamp="2023-06-18T08:29:19 IST" skipped="0">
  <testcase classname="testcase.TC_002_LoginTest" name="test_login" time="1.162"/>
  <system-out/>
</testsuite> <!-- testcase.TC_002_LoginTest -->
