<?xml version="1.0" encoding="UTF-8"?>
<!-- Generated by org.testng.reporters.JUnitReportReporter -->
<testsuite hostname="DESKTOP-N4D8I24" failures="0" tests="2" name="testcase.TC_003_LoginDataDrivenTest" time="2.002" errors="0" timestamp="2023-06-18T08:29:19 IST" skipped="0">
  <testcase classname="testcase.TC_003_LoginDataDrivenTest" name="test_LoginDDT" time="0.876"/>
  <system-out/>
  <testcase classname="testcase.TC_003_LoginDataDrivenTest" name="test_LoginDDT" time="1.126"/>
  <system-out/>
</testsuite> <!-- testcase.TC_003_LoginDataDrivenTest -->
