<?xml version="1.0" encoding="UTF-8"?>
<!-- Generated by org.testng.reporters.JUnitReportReporter -->
<testsuite hostname="DESKTOP-N4D8I24" failures="0" tests="1" name="testcase.Login" time="3.449" errors="0" timestamp="17 Jun 2023 09:43:21 GMT">
  <testcase classname="testcase.Login" name="login" time="3.449"/>
</testsuite> <!-- testcase.Login -->
