<?xml version="1.0" encoding="UTF-8"?>
<!-- Generated by org.testng.reporters.JUnitReportReporter -->
<testsuite hostname="DESKTOP-N4D8I24" failures="0" tests="2" name="testcase.TC_003_LoginDataDrivenTest" time="2.280" errors="0" timestamp="2023-06-18T09:38:10 IST" skipped="0">
  <testcase classname="testcase.TC_003_LoginDataDrivenTest" name="test_LoginDDT" time="1.137"/>
  <system-out/>
  <testcase classname="testcase.TC_003_LoginDataDrivenTest" name="test_LoginDDT" time="1.143"/>
  <system-out/>
</testsuite> <!-- testcase.TC_003_LoginDataDrivenTest -->
